<?xml version="1.0" encoding="UTF-8"?>
<!-- Generated by org.testng.reporters.JUnitXMLReporter -->
<testsuite hostname="MPS-NOD-W8-10" name="Build Generate" tests="5" failures="0" timestamp="8 Apr 2019 10:13:57 GMT" time="200.233" errors="0">
  <testcase name="Publish_Login" time="33.233" classname="com.magplus.Add_New_Issue"/>
  <testcase name="Add_Issue" time="48.681" classname="com.magplus.Add_New_Issue"/>
  <testcase name="Publish_Issue" time="99.101" classname="com.magplus.Add_New_Issue"/>
  <testcase name="Editing_issue" time="8.943" classname="com.magplus.Add_New_Issue"/>
  <testcase name="Delete_issue" time="9.761" classname="com.magplus.Add_New_Issue"/>
</testsuite> <!-- Build Generate -->
