<?xml version="1.0" encoding="UTF-8"?>
<testsuite xmlns:xsi="http://www.w3.org/2001/XMLSchema-instance" xsi:noNamespaceSchemaLocation="https://maven.apache.org/surefire/maven-surefire-plugin/xsd/surefire-test-report-3.0.xsd" version="3.0" name="TestSuite" time="255.363" tests="7" errors="0" skipped="0" failures="0">
  <properties>
[...]
</properties>
  <testcase name="iOSbuild" classname="com.magplus.Build_generation" time="33.084"/>
  <testcase name="androidbuild" classname="com.magplus.Build_generation" time="8.866"/>
  <testcase name="Publish_Login" classname="com.magplus.Add_New_Issue" time="33.248"/>
  <testcase name="Add_Issue" classname="com.magplus.Add_New_Issue" time="48.681"/>
  <testcase name="Publish_Issue" classname="com.magplus.Add_New_Issue" time="99.102"/>
  <testcase name="Editing_issue" classname="com.magplus.Add_New_Issue" time="8.942"/>
  <testcase name="Delete_issue" classname="com.magplus.Add_New_Issue" time="9.761"/>
</testsuite>